<?xml version="1.0" encoding="UTF-8"?>
<testsuite xmlns:xsi="http://www.w3.org/2001/XMLSchema-instance" xsi:noNamespaceSchemaLocation="https://maven.apache.org/surefire/maven-surefire-plugin/xsd/surefire-test-report-3.0.xsd" version="3.0" name="fpt.aptech.lab8client.Lab8clientApplicationTests" time="2.894" tests="1" errors="0" skipped="0" failures="0">
  <properties>
[...]
</properties>
  <testcase name="contextLoads" classname="fpt.aptech.lab8client.Lab8clientApplicationTests" time="0.797">
    <system-out><![CDATA[16:33:04.578 [main] INFO org.springframework.test.context.support.AnnotationConfigContextLoaderUtils -- Could not detect default configuration classes for test class [fpt.aptech.lab8client.Lab8clientApplicationTests]: Lab8clientApplicationTests does not declare any static, non-private, non-final, nested classes annotated with @Configuration.
16:33:04.702 [main] INFO org.springframework.boot.test.context.SpringBootTestContextBootstrapper -- Found @SpringBootConfiguration fpt.aptech.lab8client.Lab8clientApplication for test class fpt.aptech.lab8client.Lab8clientApplicationTests

  .   ____          _            __ _ _
 /\\ / ___'_ __ _ _(_)_ __  __ _ \ \ \ \
( ( )\___ | '_ | '_| | '_ \/ _` | \ \ \ \
 \\/  ___)| |_)| | | | | || (_| |  ) ) ) )
  '  |____| .__|_| |_|_| |_\__, | / / / /
 =========|_|==============|___/=/_/_/_/
 :: Spring Boot ::                (v3.2.5)

2024-05-12T16:33:05.144+07:00  INFO 9144 --- [lab8client] [           main] f.a.l.Lab8clientApplicationTests         : Starting Lab8clientApplicationTests using Java 21.0.2 with PID 9144 (started by tribu in C:\Users\tribu\OneDrive - DBI - VN CO., LTD\Information Technology (IT)\Java\Aptech Sem 4\SpringBoot\lab8client)
2024-05-12T16:33:05.145+07:00  INFO 9144 --- [lab8client] [           main] f.a.l.Lab8clientApplicationTests         : No active profile set, falling back to 1 default profile: "default"
2024-05-12T16:33:06.139+07:00  INFO 9144 --- [lab8client] [           main] o.s.b.a.w.s.WelcomePageHandlerMapping    : Adding welcome page template: index
2024-05-12T16:33:06.452+07:00  INFO 9144 --- [lab8client] [           main] f.a.l.Lab8clientApplicationTests         : Started Lab8clientApplicationTests in 1.584 seconds (process running for 2.736)
]]></system-out>
    <system-err><![CDATA[WARNING: A Java agent has been loaded dynamically (C:\Users\tribu\.m2\repository\net\bytebuddy\byte-buddy-agent\1.14.13\byte-buddy-agent-1.14.13.jar)
WARNING: If a serviceability tool is in use, please run with -XX:+EnableDynamicAgentLoading to hide this warning
WARNING: If a serviceability tool is not in use, please run with -Djdk.instrument.traceUsage for more information
WARNING: Dynamic loading of agents will be disallowed by default in a future release
]]></system-err>
  </testcase>
</testsuite>